<?xml version="1.0" encoding="UTF-8"?>
<testng-results ignored="3" total="4" passed="1" failed="0" skipped="0">
  <reporter-output>
  </reporter-output>
  <suite started-at="2023-01-31T18:45:19 IST" name="My Group Suite" finished-at="2023-01-31T18:45:32 IST" duration-ms="12585">
    <groups>
      <group name="SmokeTest">
        <method signature="ManageExpensePage.imageHandling()[pri:0, instance:testcases.ManageExpensePage@316bcf94]" name="imageHandling" class="testcases.ManageExpensePage"/>
      </group> <!-- SmokeTest -->
    </groups>
    <test started-at="2023-01-31T18:45:19 IST" name="My Test Suite" finished-at="2023-01-31T18:45:32 IST" duration-ms="12585">
      <class name="testcases.ManageExpensePage">
        <test-method is-config="true" signature="beforemethod(java.lang.String)[pri:0, instance:testcases.ManageExpensePage@316bcf94]" started-at="2023-01-31T18:45:19 IST" name="beforemethod" finished-at="2023-01-31T18:45:26 IST" duration-ms="6844" status="PASS">
          <params>
            <param index="0">
              <value>
                <![CDATA[chrome]]>
              </value>
            </param>
          </params>
          <reporter-output>
          </reporter-output>
        </test-method> <!-- beforemethod -->
        <test-method signature="imageHandling()[pri:0, instance:testcases.ManageExpensePage@316bcf94]" started-at="2023-01-31T18:45:26 IST" name="imageHandling" finished-at="2023-01-31T18:45:32 IST" duration-ms="5712" status="PASS">
          <reporter-output>
          </reporter-output>
        </test-method> <!-- imageHandling -->
      </class> <!-- testcases.ManageExpensePage -->
    </test> <!-- My Test Suite -->
  </suite> <!-- My Group Suite -->
</testng-results>
