<?xml version="1.0" encoding="UTF-8"?>
<!-- Generated by org.testng.reporters.JUnitXMLReporter -->
<testsuite ignored="3" hostname="LAPTOP-5FSSSPI9" failures="0" tests="1" name="My Test Suite" time="12.585" errors="0" timestamp="2023-01-31T18:45:32 IST">
  <testcase classname="testcases.ManageExpensePage" name="imageHandling" time="5.712"/>
  <testcase classname="testcases.ManageExpensePage" name="imageuputilities" time="0.0">
    <ignored/>
  </testcase> <!-- imageuputilities -->
  <testcase classname="testcases.ManageExpensePage" name="manageResetButtonColorCheck" time="0.0">
    <ignored/>
  </testcase> <!-- manageResetButtonColorCheck -->
  <testcase classname="testcases.ManageExpensePage" name="manageNewButtonTextCheck" time="0.0">
    <ignored/>
  </testcase> <!-- manageNewButtonTextCheck -->
</testsuite> <!-- My Test Suite -->
